{
  "stats": {
    "suites": 1,
    "tests": 1,
    "passes": 1,
    "pending": 0,
    "failures": 0,
    "start": "2025-04-06T12:21:44.295Z",
    "end": "2025-04-06T12:21:49.526Z",
    "duration": 5231,
    "testsRegistered": 1,
    "passPercent": 100,
    "pendingPercent": 0,
    "other": 0,
    "hasOther": false,
    "skipped": 0,
    "hasSkipped": false
  },
  "results": [
    {
      "uuid": "9b33950c-b919-48ac-90b3-ec77b09b4778",
      "title": "",
      "fullFile": "cypress\\integration\\examples\\MockTest.js",
      "file": "cypress\\integration\\examples\\MockTest.js",
      "beforeHooks": [],
      "afterHooks": [],
      "tests": [],
      "suites": [
        {
          "uuid": "48426b32-eba5-4b49-a531-550877e52235",
          "title": "This is first test suite",
          "fullFile": "",
          "file": "",
          "beforeHooks": [],
          "afterHooks": [],
          "tests": [
            {
              "title": "This is Mock test through intercept",
              "fullTitle": "This is first test suite This is Mock test through intercept",
              "timedOut": null,
              "duration": 816,
              "state": "passed",
              "speed": "fast",
              "pass": true,
              "fail": false,
              "pending": false,
              "context": "{\n  \"title\": \"cypress-mochawesome-reporter-videos-passed\",\n  \"value\": \"cypress\\\\integration\\\\examples\\\\MockTest.js\"\n}",
              "code": "cy.visit('https://rahulshettyacademy.com/angularAppdemo/');\ncy.intercept({\n  method: 'GET',\n  url: 'https://rahulshettyacademy.com/Library/GetBook.php?AuthorName=shetty'\n}, {\n  statusCode: 200,\n  body: [{\n    \"book_name\": \"RestAssured with Java\",\n    \"isbn\": \"BSG\",\n    \"aisle\": \"2302\"\n  }]\n}).as('bookReterival');\ncy.get('button[data-target=\"#exampleModal\"]').click();\ncy.wait('@bookReterival').then(function (_ref) {\n  var request = _ref.request,\n    response = _ref.response;\n  cy.get('tr').should('have.length', response.body.length + 1);\n});\ncy.get('p').should('have.text', 'Oops only 1 Book available');",
              "err": {},
              "uuid": "459093ca-ddce-4702-b3bc-c55706e0d222",
              "parentUUID": "48426b32-eba5-4b49-a531-550877e52235",
              "isHook": false,
              "skipped": false
            }
          ],
          "suites": [],
          "passes": [
            "459093ca-ddce-4702-b3bc-c55706e0d222"
          ],
          "failures": [],
          "pending": [],
          "skipped": [],
          "duration": 816,
          "root": false,
          "rootEmpty": false,
          "_timeout": 2000
        }
      ],
      "passes": [],
      "failures": [],
      "pending": [],
      "skipped": [],
      "duration": 0,
      "root": true,
      "rootEmpty": true,
      "_timeout": 2000
    }
  ],
  "meta": {
    "mocha": {
      "version": "7.0.1"
    },
    "mochawesome": {
      "options": {
        "quiet": false,
        "reportFilename": "mochawesome",
        "saveHtml": false,
        "saveJson": true,
        "consoleReporter": "spec",
        "useInlineDiffs": false,
        "code": true
      },
      "version": "7.1.3"
    },
    "marge": {
      "options": {
        "overwrite": false,
        "html": false,
        "json": true,
        "reportDir": "cypress\\reports\\html\\.jsons"
      },
      "version": "6.2.0"
    }
  }
}