{
  "stats": {
    "suites": 1,
    "tests": 1,
    "passes": 1,
    "pending": 0,
    "failures": 0,
    "start": "2025-04-06T12:20:41.693Z",
    "end": "2025-04-06T12:20:48.962Z",
    "duration": 7269,
    "testsRegistered": 1,
    "passPercent": 100,
    "pendingPercent": 0,
    "other": 0,
    "hasOther": false,
    "skipped": 0,
    "hasSkipped": false
  },
  "results": [
    {
      "uuid": "423462a4-4ceb-4e8b-81b6-90bf2d9a6cab",
      "title": "",
      "fullFile": "cypress\\integration\\examples\\Calendar.js",
      "file": "cypress\\integration\\examples\\Calendar.js",
      "beforeHooks": [],
      "afterHooks": [],
      "tests": [],
      "suites": [
        {
          "uuid": "f25e6ccb-5844-4183-8dbd-79621a84191a",
          "title": "Handling calendar section",
          "fullFile": "",
          "file": "",
          "beforeHooks": [],
          "afterHooks": [],
          "tests": [
            {
              "title": "Verify calendar date",
              "fullTitle": "Handling calendar section Verify calendar date",
              "timedOut": null,
              "duration": 2823,
              "state": "passed",
              "speed": "fast",
              "pass": true,
              "fail": false,
              "pending": false,
              "context": "{\n  \"title\": \"cypress-mochawesome-reporter-videos-passed\",\n  \"value\": \"cypress\\\\integration\\\\examples\\\\Calendar.js\"\n}",
              "code": "var month = '6';\nvar date = '15';\nvar year = '2027';\nvar expectedList = [month, date, year];\ncy.visit(Cypress.env('url') + '/seleniumPractise/#/offers');\ncy.get('.react-date-picker__inputGroup').click();\ncy.get('.react-calendar__navigation__label').click();\ncy.get('.react-calendar__navigation__label').click();\ncy.contains('button', year).click();\ncy.get('.react-calendar__tile').eq(Number(month) - 1).click();\ncy.contains('button', date).click();\n//Assertion\ncy.get('.react-date-picker__inputGroup__input').each(function ($e1, index, $list) {\n  cy.wrap($e1).invoke('val').should('eq', expectedList[index]);\n});",
              "err": {},
              "uuid": "d0d7e56a-87e6-494e-a788-8048c144903a",
              "parentUUID": "f25e6ccb-5844-4183-8dbd-79621a84191a",
              "isHook": false,
              "skipped": false
            }
          ],
          "suites": [],
          "passes": [
            "d0d7e56a-87e6-494e-a788-8048c144903a"
          ],
          "failures": [],
          "pending": [],
          "skipped": [],
          "duration": 2823,
          "root": false,
          "rootEmpty": false,
          "_timeout": 2000
        }
      ],
      "passes": [],
      "failures": [],
      "pending": [],
      "skipped": [],
      "duration": 0,
      "root": true,
      "rootEmpty": true,
      "_timeout": 2000
    }
  ],
  "meta": {
    "mocha": {
      "version": "7.0.1"
    },
    "mochawesome": {
      "options": {
        "quiet": false,
        "reportFilename": "mochawesome",
        "saveHtml": false,
        "saveJson": true,
        "consoleReporter": "spec",
        "useInlineDiffs": false,
        "code": true
      },
      "version": "7.1.3"
    },
    "marge": {
      "options": {
        "overwrite": false,
        "html": false,
        "json": true,
        "reportDir": "cypress\\reports\\html\\.jsons"
      },
      "version": "6.2.0"
    }
  }
}