{
  "stats": {
    "suites": 1,
    "tests": 1,
    "passes": 1,
    "pending": 0,
    "failures": 0,
    "start": "2025-04-06T12:21:56.080Z",
    "end": "2025-04-06T12:22:00.892Z",
    "duration": 4812,
    "testsRegistered": 1,
    "passPercent": 100,
    "pendingPercent": 0,
    "other": 0,
    "hasOther": false,
    "skipped": 0,
    "hasSkipped": false
  },
  "results": [
    {
      "uuid": "d0f0a440-e3ec-4490-a5b8-25eff88b0a2f",
      "title": "",
      "fullFile": "cypress\\integration\\examples\\MockTest2.js",
      "file": "cypress\\integration\\examples\\MockTest2.js",
      "beforeHooks": [],
      "afterHooks": [],
      "tests": [],
      "suites": [
        {
          "uuid": "56ae64cb-6c59-49bf-ac8e-b828787b2cd9",
          "title": "This is first test suite",
          "fullFile": "",
          "file": "",
          "beforeHooks": [],
          "afterHooks": [],
          "tests": [
            {
              "title": "This is Mock test through intercept",
              "fullTitle": "This is first test suite This is Mock test through intercept",
              "timedOut": null,
              "duration": 948,
              "state": "passed",
              "speed": "fast",
              "pass": true,
              "fail": false,
              "pending": false,
              "context": "{\n  \"title\": \"cypress-mochawesome-reporter-videos-passed\",\n  \"value\": \"cypress\\\\integration\\\\examples\\\\MockTest2.js\"\n}",
              "code": "cy.visit('https://rahulshettyacademy.com/angularAppdemo/');\ncy.intercept('GET', 'https://rahulshettyacademy.com/Library/GetBook.php?AuthorName=shetty', function (req) {\n  req.url = 'https://rahulshettyacademy.com/Library/GetBook.php?AuthorName=malhotra', req[\"continue\"](function (res) {\n    // expect(res.statusCode).to.equal(403)\n  });\n}).as('dummyURL');\ncy.get('button[data-target=\"#exampleModal\"]').click();\ncy.wait('@dummyURL');",
              "err": {},
              "uuid": "f2e1e8fd-a96b-429a-94ab-cea29b0e10e1",
              "parentUUID": "56ae64cb-6c59-49bf-ac8e-b828787b2cd9",
              "isHook": false,
              "skipped": false
            }
          ],
          "suites": [],
          "passes": [
            "f2e1e8fd-a96b-429a-94ab-cea29b0e10e1"
          ],
          "failures": [],
          "pending": [],
          "skipped": [],
          "duration": 948,
          "root": false,
          "rootEmpty": false,
          "_timeout": 2000
        }
      ],
      "passes": [],
      "failures": [],
      "pending": [],
      "skipped": [],
      "duration": 0,
      "root": true,
      "rootEmpty": true,
      "_timeout": 2000
    }
  ],
  "meta": {
    "mocha": {
      "version": "7.0.1"
    },
    "mochawesome": {
      "options": {
        "quiet": false,
        "reportFilename": "mochawesome",
        "saveHtml": false,
        "saveJson": true,
        "consoleReporter": "spec",
        "useInlineDiffs": false,
        "code": true
      },
      "version": "7.1.3"
    },
    "marge": {
      "options": {
        "overwrite": false,
        "html": false,
        "json": true,
        "reportDir": "cypress\\reports\\html\\.jsons"
      },
      "version": "6.2.0"
    }
  }
}