{
  "stats": {
    "suites": 1,
    "tests": 1,
    "passes": 0,
    "pending": 0,
    "failures": 1,
    "start": "2025-04-06T12:20:32.448Z",
    "end": "2025-04-06T12:20:34.219Z",
    "duration": 1771,
    "testsRegistered": 1,
    "passPercent": 0,
    "pendingPercent": 0,
    "other": 0,
    "hasOther": false,
    "skipped": 0,
    "hasSkipped": false
  },
  "results": [
    {
      "uuid": "915f2783-6ad7-4477-9695-e30af5a193e5",
      "title": "",
      "fullFile": "cypress\\integration\\examples\\APITest.js",
      "file": "cypress\\integration\\examples\\APITest.js",
      "beforeHooks": [],
      "afterHooks": [],
      "tests": [],
      "suites": [
        {
          "uuid": "433c3553-0482-4901-a859-c69e45792909",
          "title": "This is first test suite",
          "fullFile": "",
          "file": "",
          "beforeHooks": [],
          "afterHooks": [],
          "tests": [
            {
              "title": "This is API testing through cypress",
              "fullTitle": "This is first test suite This is API testing through cypress",
              "timedOut": null,
              "duration": 577,
              "state": "failed",
              "speed": null,
              "pass": false,
              "fail": true,
              "pending": false,
              "context": "{\n  \"title\": \"cypress-mochawesome-reporter-videos-failed\",\n  \"value\": \"cypress\\\\integration\\\\examples\\\\APITest.js\"\n}",
              "code": "cy.request('POST', 'https://rahulshettyacademy.com/Library/Addbook.php', {\n  \"name\": \"Learn Appium Automation with Java\",\n  \"isbn\": \"bcdej\",\n  \"aisle\": \"292652\",\n  \"author\": \"John foer\"\n}).then(function (response) {\n  expect(response.status).to.eq(200);\n  expect(response.body).to.have.property('Msg', 'successfully added');\n});",
              "err": {
                "message": "AssertionError: expected { Object (Msg, ID) } to have property 'Msg' of 'successfully added', but got 'Book Already Exists'",
                "estack": "AssertionError: expected { Object (Msg, ID) } to have property 'Msg' of 'successfully added', but got 'Book Already Exists'\n    at Context.eval (cypress/integration/examples/APITest.js:11:46)",
                "diff": "- 'Book Already Exists'\n+ 'successfully added'\n"
              },
              "uuid": "3adf8539-6aad-4f5a-be28-ed97f38a1256",
              "parentUUID": "433c3553-0482-4901-a859-c69e45792909",
              "isHook": false,
              "skipped": false
            }
          ],
          "suites": [],
          "passes": [],
          "failures": [
            "3adf8539-6aad-4f5a-be28-ed97f38a1256"
          ],
          "pending": [],
          "skipped": [],
          "duration": 577,
          "root": false,
          "rootEmpty": false,
          "_timeout": 2000
        }
      ],
      "passes": [],
      "failures": [],
      "pending": [],
      "skipped": [],
      "duration": 0,
      "root": true,
      "rootEmpty": true,
      "_timeout": 2000
    }
  ],
  "meta": {
    "mocha": {
      "version": "7.0.1"
    },
    "mochawesome": {
      "options": {
        "quiet": false,
        "reportFilename": "mochawesome",
        "saveHtml": false,
        "saveJson": true,
        "consoleReporter": "spec",
        "useInlineDiffs": false,
        "code": true
      },
      "version": "7.1.3"
    },
    "marge": {
      "options": {
        "overwrite": false,
        "html": false,
        "json": true,
        "reportDir": "cypress\\reports\\html\\.jsons"
      },
      "version": "6.2.0"
    }
  }
}