{
  "stats": {
    "suites": 1,
    "tests": 1,
    "passes": 1,
    "pending": 0,
    "failures": 0,
    "start": "2025-04-06T12:22:30.210Z",
    "end": "2025-04-06T12:22:41.486Z",
    "duration": 11276,
    "testsRegistered": 1,
    "passPercent": 100,
    "pendingPercent": 0,
    "other": 0,
    "hasOther": false,
    "skipped": 0,
    "hasSkipped": false
  },
  "results": [
    {
      "uuid": "862ccb3c-b9b2-449b-b385-ae08118e6948",
      "title": "",
      "fullFile": "cypress\\integration\\examples\\Test3.js",
      "file": "cypress\\integration\\examples\\Test3.js",
      "beforeHooks": [],
      "afterHooks": [],
      "tests": [],
      "suites": [
        {
          "uuid": "562bc4b1-2ee1-4af6-aeaa-1c8659f059e2",
          "title": "This is third test suite",
          "fullFile": "",
          "file": "",
          "beforeHooks": [],
          "afterHooks": [],
          "tests": [
            {
              "title": "This is first test case",
              "fullTitle": "This is third test suite This is first test case",
              "timedOut": null,
              "duration": 7035,
              "state": "passed",
              "speed": "medium",
              "pass": true,
              "fail": false,
              "pending": false,
              "context": "{\n  \"title\": \"cypress-mochawesome-reporter-videos-passed\",\n  \"value\": \"cypress\\\\integration\\\\examples\\\\Test3.js\"\n}",
              "code": "cy.visit(Cypress.env('url') + '/AutomationPractice/');\n//Checkboxes\n//checking single checkbox\ncy.get('#checkBoxOption1').check().should('be.checked').and('have.value', 'option1');\n//unchecking single checkbox\ncy.get('#checkBoxOption1').uncheck().should('not.be.checked');\n//checking multiple checkboxes\ncy.get('input[type=\"checkbox\"]').check(['option2', 'option3']);\n//static dropdown\ncy.get('#dropdown-class-example').select('option2').should('have.value', 'option2');\n//dynamic dropdown\ncy.get('#autocomplete').type('Ind');\ncy.get('.ui-menu-item div').each(function ($e1, index, $list) {\n  if ($e1.text() === 'India') {\n    cy.wrap($e1).click();\n  }\n});\ncy.get('#autocomplete').should('have.value', 'India');\n//visible invisible\ncy.get('#hide-textbox').click();\ncy.get('#displayed-text').should('not.be.visible');\ncy.get('#show-textbox').click();\ncy.get('#displayed-text').should('be.visible');\n//radio button\ncy.get('input[value=\"radio2\"]').check().should('be.checked');",
              "err": {},
              "uuid": "12a92d73-3b5a-4913-9318-d9bc6b86e7f8",
              "parentUUID": "562bc4b1-2ee1-4af6-aeaa-1c8659f059e2",
              "isHook": false,
              "skipped": false
            }
          ],
          "suites": [],
          "passes": [
            "12a92d73-3b5a-4913-9318-d9bc6b86e7f8"
          ],
          "failures": [],
          "pending": [],
          "skipped": [],
          "duration": 7035,
          "root": false,
          "rootEmpty": false,
          "_timeout": 2000
        }
      ],
      "passes": [],
      "failures": [],
      "pending": [],
      "skipped": [],
      "duration": 0,
      "root": true,
      "rootEmpty": true,
      "_timeout": 2000
    }
  ],
  "meta": {
    "mocha": {
      "version": "7.0.1"
    },
    "mochawesome": {
      "options": {
        "quiet": false,
        "reportFilename": "mochawesome",
        "saveHtml": false,
        "saveJson": true,
        "consoleReporter": "spec",
        "useInlineDiffs": false,
        "code": true
      },
      "version": "7.1.3"
    },
    "marge": {
      "options": {
        "overwrite": false,
        "html": false,
        "json": true,
        "reportDir": "cypress\\reports\\html\\.jsons"
      },
      "version": "6.2.0"
    }
  }
}